<?xml version="1.0" encoding="UTF-8"?>
<!-- Generated by org.testng.reporters.JUnitReportReporter -->
<testsuite hostname="DESKTOP-HFD9M29" failures="0" tests="1" name="com.ms.testng.LoginTest" time="9.283" errors="0" timestamp="2023-06-24T18:51:49 CDT" skipped="0">
  <testcase classname="com.ms.testng.LoginTest" name="f" time="9.283"/>
  <system-out/>
</testsuite> <!-- com.ms.testng.LoginTest -->
